[debug] [2024-07-17T09:20:52.425Z] ----------------------------------------------------------------------
[debug] [2024-07-17T09:20:52.433Z] Command:       C:\Program Files\nodejs\node.exe C:\Users\harsh\AppData\Roaming\npm\node_modules\firebase-tools\lib\bin\firebase.js init
[debug] [2024-07-17T09:20:52.434Z] CLI Version:   13.13.0
[debug] [2024-07-17T09:20:52.435Z] Platform:      win32
[debug] [2024-07-17T09:20:52.435Z] Node Version:  v20.12.2
[debug] [2024-07-17T09:20:52.436Z] Time:          Wed Jul 17 2024 14:50:52 GMT+0530 (India Standard Time)
[debug] [2024-07-17T09:20:52.436Z] ----------------------------------------------------------------------
[debug] 
[debug] [2024-07-17T09:20:52.445Z] >>> [apiv2][query] GET https://firebase-public.firebaseio.com/cli.json [none]
[debug] [2024-07-17T09:20:52.530Z] > command requires scopes: ["email","openid","https://www.googleapis.com/auth/cloudplatformprojects.readonly","https://www.googleapis.com/auth/firebase","https://www.googleapis.com/auth/cloud-platform"]
[debug] [2024-07-17T09:20:52.530Z] > authorizing via signed-in user (harshkumarpandey2002@gmail.com)
[info] 
     ######## #### ########  ######## ########     ###     ######  ########
     ##        ##  ##     ## ##       ##     ##  ##   ##  ##       ##
     ######    ##  ########  ######   ########  #########  ######  ######
     ##        ##  ##    ##  ##       ##     ## ##     ##       ## ##
     ##       #### ##     ## ######## ########  ##     ##  ######  ########

You're about to initialize a Firebase project in this directory:

  D:\Health-Challenge-Tracker

[debug] [2024-07-17T09:21:03.580Z] *** [apiv2] error from fetch(https://firebase-public.firebaseio.com/cli.json, {"headers":{},"method":"GET"}): FetchError: request to https://firebase-public.firebaseio.com/cli.json failed, reason: getaddrinfo ENOTFOUND firebase-public.firebaseio.com
[warn] !  Unable to fetch the CLI MOTD and remote config. This is not a fatal error, but may indicate an issue with your network connection. 
[debug] [2024-07-17T09:21:03.584Z] Failed to fetch MOTD FirebaseError: Failed to make request to https://firebase-public.firebaseio.com/cli.json
